2021-05-09 21:33:35,338 [INFO] Activator:170 - 


2021-05-09 21:33:35,340 [INFO] Activator:171 - !SESSION log4j initialized
2021-05-09 21:40:36,460 [INFO] Activator:170 - 


2021-05-09 21:40:36,463 [INFO] Activator:171 - !SESSION log4j initialized
2021-05-09 21:44:01,089 [INFO] McuFinderGlobals:39 - Set McuFinder mode to 2 (CubeIDE integrated)
2021-05-09 21:44:01,407 [INFO] ApplicationProperties:181 - Using Application install path: C:\ST\STM32CubeIDE_1.6.1\STM32CubeIDE\plugins\com.st.stm32cube.common.mx_6.2.1.202103241236
2021-05-09 21:44:01,428 [INFO] DbMcusXml:74 - Set database path to: C:\ST\STM32CubeIDE_1.6.1\STM32CubeIDE\plugins\com.st.stm32cube.common.mx_6.2.1.202103241236\\db\/mcu/
2021-05-09 21:44:01,435 [INFO] DbBoardsPdsc:56 - Set plugin database path to: C:\ST\STM32CubeIDE_1.6.1\STM32CubeIDE\plugins\com.st.stm32cube.common.mx_6.2.1.202103241236\\db\/plugins/boardmanager/
2021-05-09 21:44:01,437 [INFO] DbMcus:258 - Set plugin images path to: C:\ST\STM32CubeIDE_1.6.1\STM32CubeIDE\plugins\com.st.stm32cube.common.mx_6.2.1.202103241236\\db\/plugins/mcufinder/images/
2021-05-09 21:44:01,437 [INFO] DbBoards:264 - Set plugin images path to: C:\ST\STM32CubeIDE_1.6.1\STM32CubeIDE\plugins\com.st.stm32cube.common.mx_6.2.1.202103241236\\db\/plugins/mcufinder/images/
2021-05-09 21:44:01,442 [INFO] DbExamples:333 - Set plugin images path to: C:\ST\STM32CubeIDE_1.6.1\STM32CubeIDE\plugins\com.st.stm32cube.common.mx_6.2.1.202103241236\\db\/plugins/mcufinder/images/
2021-05-09 21:44:02,901 [INFO] DbMcusAds:85 - Set database path to: C:\Users\Kevin Tom\.stmcufinder\plugins\mcufinder//mcu/
2021-05-09 21:44:02,903 [INFO] DbMcusDocs:110 - Set database path to: C:\Users\Kevin Tom\.stmcufinder\plugins\mcufinder//mcu/
2021-05-09 21:44:02,906 [INFO] DbMcusJson:65 - Set database path to: C:\Users\Kevin Tom\.stmcufinder\plugins\mcufinder//mcu/
2021-05-09 21:44:02,907 [INFO] DbBoardsDocs:110 - Set database path to: C:\Users\Kevin Tom\.stmcufinder\plugins\mcufinder//mcu/
2021-05-09 21:44:02,908 [INFO] DbBoardsJson:58 - Set database path to: C:\Users\Kevin Tom\.stmcufinder\plugins\mcufinder//mcu/
2021-05-09 21:44:02,937 [INFO] CrossReferenceDbSqlite:196 - Set database path to: C:\Users\Kevin Tom\.stmcufinder\plugins\mcufinder//mcu/cs/
2021-05-09 21:44:02,940 [INFO] DbExamplesSqlite:690 - Set database path to: C:\Users\Kevin Tom\.stmcufinder\plugins\mcufinder//mcu/
2021-05-09 21:44:03,073 [INFO] RulesReader:52 - Compatibility file has been processed (237 Rules)
2021-05-09 21:44:03,281 [INFO] MicroXplorer:622 - Detected Java Version = 11.0.9.1
2021-05-09 21:44:03,283 [INFO] DbMcusXml:74 - Set database path to: C:\ST\STM32CubeIDE_1.6.1\STM32CubeIDE\plugins\com.st.stm32cube.common.mx_6.2.1.202103241236\\db\/mcu/
2021-05-09 21:44:03,283 [INFO] DbBoardsPdsc:56 - Set plugin database path to: C:\ST\STM32CubeIDE_1.6.1\STM32CubeIDE\plugins\com.st.stm32cube.common.mx_6.2.1.202103241236\\db\/plugins/boardmanager/
2021-05-09 21:44:03,284 [INFO] DbMcus:258 - Set plugin images path to: C:\ST\STM32CubeIDE_1.6.1\STM32CubeIDE\plugins\com.st.stm32cube.common.mx_6.2.1.202103241236\\db\/plugins/mcufinder/images/
2021-05-09 21:44:03,284 [INFO] DbBoards:264 - Set plugin images path to: C:\ST\STM32CubeIDE_1.6.1\STM32CubeIDE\plugins\com.st.stm32cube.common.mx_6.2.1.202103241236\\db\/plugins/mcufinder/images/
2021-05-09 21:44:03,284 [INFO] DbExamples:333 - Set plugin images path to: C:\ST\STM32CubeIDE_1.6.1\STM32CubeIDE\plugins\com.st.stm32cube.common.mx_6.2.1.202103241236\\db\/plugins/mcufinder/images/
2021-05-09 21:44:03,284 [WARN] DbFile:35 - Overriding database path with different value: C:\Users\Kevin Tom\.stmcufinder\plugins\mcufinder/ => C:\Users\Kevin Tom\.stmcufinder\plugins\mcufinder
2021-05-09 21:44:03,284 [INFO] DbMcusAds:85 - Set database path to: C:\Users\Kevin Tom\.stmcufinder\plugins\mcufinder//mcu/
2021-05-09 21:44:03,284 [WARN] DbFile:35 - Overriding database path with different value: C:\Users\Kevin Tom\.stmcufinder\plugins\mcufinder/ => C:\Users\Kevin Tom\.stmcufinder\plugins\mcufinder
2021-05-09 21:44:03,284 [INFO] DbMcusDocs:110 - Set database path to: C:\Users\Kevin Tom\.stmcufinder\plugins\mcufinder//mcu/
2021-05-09 21:44:03,285 [WARN] DbFile:35 - Overriding database path with different value: C:\Users\Kevin Tom\.stmcufinder\plugins\mcufinder/ => C:\Users\Kevin Tom\.stmcufinder\plugins\mcufinder
2021-05-09 21:44:03,285 [INFO] DbMcusJson:65 - Set database path to: C:\Users\Kevin Tom\.stmcufinder\plugins\mcufinder//mcu/
2021-05-09 21:44:03,285 [WARN] DbFile:35 - Overriding database path with different value: C:\Users\Kevin Tom\.stmcufinder\plugins\mcufinder/ => C:\Users\Kevin Tom\.stmcufinder\plugins\mcufinder
2021-05-09 21:44:03,285 [INFO] DbBoardsDocs:110 - Set database path to: C:\Users\Kevin Tom\.stmcufinder\plugins\mcufinder//mcu/
2021-05-09 21:44:03,285 [WARN] DbFile:35 - Overriding database path with different value: C:\Users\Kevin Tom\.stmcufinder\plugins\mcufinder/ => C:\Users\Kevin Tom\.stmcufinder\plugins\mcufinder
2021-05-09 21:44:03,285 [INFO] DbBoardsJson:58 - Set database path to: C:\Users\Kevin Tom\.stmcufinder\plugins\mcufinder//mcu/
2021-05-09 21:44:03,285 [WARN] DbFile:35 - Overriding database path with different value: C:\Users\Kevin Tom\.stmcufinder\plugins\mcufinder/ => C:\Users\Kevin Tom\.stmcufinder\plugins\mcufinder
2021-05-09 21:44:03,285 [WARN] DbFile:35 - Overriding database path with different value: C:\Users\Kevin Tom\.stmcufinder\plugins\mcufinder/ => C:\Users\Kevin Tom\.stmcufinder\plugins\mcufinder
2021-05-09 21:44:03,286 [INFO] CrossReferenceDbSqlite:196 - Set database path to: C:\Users\Kevin Tom\.stmcufinder\plugins\mcufinder//mcu/cs/
2021-05-09 21:44:03,286 [WARN] DbFile:35 - Overriding database path with different value: C:\Users\Kevin Tom\.stmcufinder\plugins\mcufinder/ => C:\Users\Kevin Tom\.stmcufinder\plugins\mcufinder
2021-05-09 21:44:03,286 [INFO] DbExamplesSqlite:690 - Set database path to: C:\Users\Kevin Tom\.stmcufinder\plugins\mcufinder//mcu/
2021-05-09 21:44:03,428 [INFO] MainPanel:204 - HeapMemory: 268435456
2021-05-09 21:44:03,715 [INFO] DbMcusXml:74 - Set database path to: C:\ST\STM32CubeIDE_1.6.1\STM32CubeIDE\plugins\com.st.stm32cube.common.mx_6.2.1.202103241236\\db\/mcu/
2021-05-09 21:44:03,715 [INFO] DbBoardsPdsc:56 - Set plugin database path to: C:\ST\STM32CubeIDE_1.6.1\STM32CubeIDE\plugins\com.st.stm32cube.common.mx_6.2.1.202103241236\\db\/plugins/boardmanager/
2021-05-09 21:44:03,716 [INFO] DbMcus:258 - Set plugin images path to: C:\ST\STM32CubeIDE_1.6.1\STM32CubeIDE\plugins\com.st.stm32cube.common.mx_6.2.1.202103241236\\db\/plugins/mcufinder/images/
2021-05-09 21:44:03,716 [INFO] DbBoards:264 - Set plugin images path to: C:\ST\STM32CubeIDE_1.6.1\STM32CubeIDE\plugins\com.st.stm32cube.common.mx_6.2.1.202103241236\\db\/plugins/mcufinder/images/
2021-05-09 21:44:03,716 [INFO] DbExamples:333 - Set plugin images path to: C:\ST\STM32CubeIDE_1.6.1\STM32CubeIDE\plugins\com.st.stm32cube.common.mx_6.2.1.202103241236\\db\/plugins/mcufinder/images/
2021-05-09 21:44:03,717 [WARN] DbFile:35 - Overriding database path with different value: C:\Users\Kevin Tom\.stmcufinder\plugins\mcufinder/ => C:\Users\Kevin Tom\.stmcufinder\plugins\mcufinder
2021-05-09 21:44:03,717 [INFO] DbMcusAds:85 - Set database path to: C:\Users\Kevin Tom\.stmcufinder\plugins\mcufinder//mcu/
2021-05-09 21:44:03,717 [WARN] DbFile:35 - Overriding database path with different value: C:\Users\Kevin Tom\.stmcufinder\plugins\mcufinder/ => C:\Users\Kevin Tom\.stmcufinder\plugins\mcufinder
2021-05-09 21:44:03,717 [INFO] DbMcusDocs:110 - Set database path to: C:\Users\Kevin Tom\.stmcufinder\plugins\mcufinder//mcu/
2021-05-09 21:44:03,717 [WARN] DbFile:35 - Overriding database path with different value: C:\Users\Kevin Tom\.stmcufinder\plugins\mcufinder/ => C:\Users\Kevin Tom\.stmcufinder\plugins\mcufinder
2021-05-09 21:44:03,717 [INFO] DbMcusJson:65 - Set database path to: C:\Users\Kevin Tom\.stmcufinder\plugins\mcufinder//mcu/
2021-05-09 21:44:03,717 [WARN] DbFile:35 - Overriding database path with different value: C:\Users\Kevin Tom\.stmcufinder\plugins\mcufinder/ => C:\Users\Kevin Tom\.stmcufinder\plugins\mcufinder
2021-05-09 21:44:03,718 [INFO] DbBoardsDocs:110 - Set database path to: C:\Users\Kevin Tom\.stmcufinder\plugins\mcufinder//mcu/
2021-05-09 21:44:03,718 [WARN] DbFile:35 - Overriding database path with different value: C:\Users\Kevin Tom\.stmcufinder\plugins\mcufinder/ => C:\Users\Kevin Tom\.stmcufinder\plugins\mcufinder
2021-05-09 21:44:03,718 [INFO] DbBoardsJson:58 - Set database path to: C:\Users\Kevin Tom\.stmcufinder\plugins\mcufinder//mcu/
2021-05-09 21:44:03,718 [WARN] DbFile:35 - Overriding database path with different value: C:\Users\Kevin Tom\.stmcufinder\plugins\mcufinder/ => C:\Users\Kevin Tom\.stmcufinder\plugins\mcufinder
2021-05-09 21:44:03,718 [WARN] DbFile:35 - Overriding database path with different value: C:\Users\Kevin Tom\.stmcufinder\plugins\mcufinder/ => C:\Users\Kevin Tom\.stmcufinder\plugins\mcufinder
2021-05-09 21:44:03,718 [INFO] CrossReferenceDbSqlite:196 - Set database path to: C:\Users\Kevin Tom\.stmcufinder\plugins\mcufinder//mcu/cs/
2021-05-09 21:44:03,718 [WARN] DbFile:35 - Overriding database path with different value: C:\Users\Kevin Tom\.stmcufinder\plugins\mcufinder/ => C:\Users\Kevin Tom\.stmcufinder\plugins\mcufinder
2021-05-09 21:44:03,718 [INFO] DbExamplesSqlite:690 - Set database path to: C:\Users\Kevin Tom\.stmcufinder\plugins\mcufinder//mcu/
2021-05-09 21:44:03,757 [INFO] ApplicationProperties:181 - Using Application install path: C:\ST\STM32CubeIDE_1.6.1\STM32CubeIDE\plugins\com.st.stm32cube.common.mx_6.2.1.202103241236
2021-05-09 21:44:03,759 [INFO] PluginManage:178 - Search for loadable plugins [exclusion list=, ]
2021-05-09 21:44:03,761 [INFO] PluginManage:292 - Check plugin analytics
2021-05-09 21:44:08,543 [INFO] AnalyticsPlugin:233 - Accepted Software Licenses: 
2021-05-09 21:44:08,544 [INFO] AnalyticsPlugin:235 - Accepted CMSIS Pack Licenses: 
2021-05-09 21:44:08,544 [INFO] AnalyticsPlugin:237 - Accepted Firmware Licenses: 
2021-05-09 21:44:08,544 [INFO] PluginManage:342 - Loaded plugin analytics (category:tool,tabindex:-1)
2021-05-09 21:44:08,544 [INFO] PluginManage:292 - Check plugin clock
2021-05-09 21:44:08,572 [INFO] PluginManage:342 - Loaded plugin clock (category:base,tabindex:2)
2021-05-09 21:44:08,572 [INFO] PluginManage:292 - Check plugin ddr
2021-05-09 21:44:08,576 [INFO] PluginManage:342 - Loaded plugin ddr (category:tool,tabindex:6)
2021-05-09 21:44:08,576 [INFO] PluginManage:292 - Check plugin filemanager
2021-05-09 21:44:08,769 [INFO] PluginManage:342 - Loaded plugin filemanager (category:base,tabindex:10)
2021-05-09 21:44:08,769 [INFO] PluginManage:292 - Check plugin ipmanager
2021-05-09 21:44:08,790 [INFO] PluginManage:342 - Loaded plugin ipmanager (category:base,tabindex:5)
2021-05-09 21:44:08,790 [INFO] PluginManage:292 - Check plugin pinoutandconfiguration
2021-05-09 21:44:08,807 [INFO] PluginManage:342 - Loaded plugin pinoutandconfiguration (category:base,tabindex:1)
2021-05-09 21:44:08,807 [INFO] PluginManage:292 - Check plugin pinoutconfig
2021-05-09 21:44:08,851 [INFO] PluginManage:342 - Loaded plugin pinoutconfig (category:base,tabindex:0)
2021-05-09 21:44:08,851 [INFO] PluginManage:292 - Check plugin power
2021-05-09 21:44:08,910 [INFO] PluginManage:342 - Loaded plugin power (category:power,tabindex:4)
2021-05-09 21:44:08,910 [INFO] PluginManage:292 - Check plugin projectmanager
2021-05-09 21:44:08,956 [INFO] PluginManage:342 - Loaded plugin projectmanager (category:projectmanager,tabindex:3)
2021-05-09 21:44:08,956 [INFO] PluginManage:292 - Check plugin thirdparty
2021-05-09 21:44:09,131 [INFO] PluginManage:342 - Loaded plugin thirdparty (category:base,tabindex:-1)
2021-05-09 21:44:09,131 [INFO] PluginManage:292 - Check plugin tools
2021-05-09 21:44:09,131 [WARN] IntegrityCheckThread:59 - waiting for thirdparty lock release [integrity check]
2021-05-09 21:44:09,132 [INFO] IntegrityCheckThread:61 - entering critical section [integrity check]
2021-05-09 21:44:09,132 [INFO] ThirdPartyUpdaterWithRetryManager:56 - Updater plugin not ready yet. [1/15]
2021-05-09 21:44:09,134 [INFO] PluginManage:342 - Loaded plugin tools (category:base,tabindex:7)
2021-05-09 21:44:09,134 [INFO] PluginManage:292 - Check plugin tutovideos
2021-05-09 21:44:09,452 [INFO] PluginManage:342 - Loaded plugin tutovideos (category:base,tabindex:-1)
2021-05-09 21:44:09,452 [INFO] PluginManage:292 - Check plugin updater
2021-05-09 21:44:09,469 [INFO] PluginManage:342 - Loaded plugin updater (category:base,tabindex:12)
2021-05-09 21:44:09,470 [INFO] PluginManage:265 - PluginManage : Loaded plugins [13]
2021-05-09 21:44:09,724 [INFO] PinOutPanel:1435 - setPackage(No Configuration,No Configuration)
2021-05-09 21:44:09,869 [INFO] IPUIPlugin:64 - create IPUIPlugin
2021-05-09 21:44:09,870 [INFO] PluginManager:203 - loadIPPluginJar : add adc
2021-05-09 21:44:09,875 [INFO] IPUIPlugin:64 - create IPUIPlugin
2021-05-09 21:44:09,875 [INFO] PluginManager:203 - loadIPPluginJar : add aes
2021-05-09 21:44:09,880 [INFO] IPUIPlugin:64 - create IPUIPlugin
2021-05-09 21:44:09,880 [INFO] PluginManager:203 - loadIPPluginJar : add can
2021-05-09 21:44:09,884 [INFO] IPUIPlugin:64 - create IPUIPlugin
2021-05-09 21:44:09,884 [INFO] PluginManager:203 - loadIPPluginJar : add comp
2021-05-09 21:44:09,889 [INFO] IPUIPlugin:64 - create IPUIPlugin
2021-05-09 21:44:09,890 [INFO] PluginManager:203 - loadIPPluginJar : add cryp
2021-05-09 21:44:09,895 [INFO] IPUIPlugin:64 - create IPUIPlugin
2021-05-09 21:44:09,895 [INFO] PluginManager:203 - loadIPPluginJar : add dfsdm
2021-05-09 21:44:09,903 [INFO] IPUIPlugin:64 - create IPUIPlugin
2021-05-09 21:44:09,904 [INFO] PluginManager:203 - loadIPPluginJar : add dma
2021-05-09 21:44:09,908 [INFO] IPUIPlugin:64 - create IPUIPlugin
2021-05-09 21:44:09,908 [INFO] PluginManager:203 - loadIPPluginJar : add fatfs
2021-05-09 21:44:09,916 [INFO] IPUIPlugin:64 - create IPUIPlugin
2021-05-09 21:44:09,916 [INFO] PluginManager:203 - loadIPPluginJar : add fmc
2021-05-09 21:44:09,926 [INFO] IPUIPlugin:64 - create IPUIPlugin
2021-05-09 21:44:09,926 [INFO] PluginManager:203 - loadIPPluginJar : add freertos
2021-05-09 21:44:09,930 [INFO] IPUIPlugin:64 - create IPUIPlugin
2021-05-09 21:44:09,930 [INFO] PluginManager:203 - loadIPPluginJar : add genericplugin
2021-05-09 21:44:09,933 [INFO] IPUIPlugin:64 - create IPUIPlugin
2021-05-09 21:44:09,934 [INFO] PluginManager:203 - loadIPPluginJar : add gfxmmu
2021-05-09 21:44:09,941 [INFO] IPUIPlugin:64 - create IPUIPlugin
2021-05-09 21:44:09,941 [INFO] PluginManager:203 - loadIPPluginJar : add gic
2021-05-09 21:44:09,948 [INFO] IPUIPlugin:64 - create IPUIPlugin
2021-05-09 21:44:09,948 [INFO] PluginManager:203 - loadIPPluginJar : add gpio
2021-05-09 21:44:09,955 [INFO] IPUIPlugin:64 - create IPUIPlugin
2021-05-09 21:44:09,955 [INFO] PluginManager:203 - loadIPPluginJar : add gtzc
2021-05-09 21:44:09,959 [INFO] IPUIPlugin:64 - create IPUIPlugin
2021-05-09 21:44:09,959 [INFO] PluginManager:203 - loadIPPluginJar : add hash
2021-05-09 21:44:09,963 [INFO] IPUIPlugin:64 - create IPUIPlugin
2021-05-09 21:44:09,964 [INFO] PluginManager:203 - loadIPPluginJar : add i2c
2021-05-09 21:44:09,968 [INFO] IPUIPlugin:64 - create IPUIPlugin
2021-05-09 21:44:09,968 [INFO] PluginManager:203 - loadIPPluginJar : add i2s
2021-05-09 21:44:09,973 [INFO] IPUIPlugin:64 - create IPUIPlugin
2021-05-09 21:44:09,973 [INFO] PluginManager:203 - loadIPPluginJar : add ipddr
2021-05-09 21:44:09,978 [INFO] IPUIPlugin:64 - create IPUIPlugin
2021-05-09 21:44:09,979 [INFO] PluginManager:203 - loadIPPluginJar : add lorawan
2021-05-09 21:44:09,982 [INFO] IPUIPlugin:64 - create IPUIPlugin
2021-05-09 21:44:09,982 [INFO] PluginManager:203 - loadIPPluginJar : add ltdc
2021-05-09 21:44:09,988 [INFO] IPUIPlugin:64 - create IPUIPlugin
2021-05-09 21:44:09,988 [INFO] PluginManager:203 - loadIPPluginJar : add mdma
2021-05-09 21:44:09,996 [INFO] IPUIPlugin:64 - create IPUIPlugin
2021-05-09 21:44:09,997 [INFO] PluginManager:203 - loadIPPluginJar : add nvic
2021-05-09 21:44:10,002 [INFO] IPUIPlugin:64 - create IPUIPlugin
2021-05-09 21:44:10,003 [INFO] PluginManager:203 - loadIPPluginJar : add opamp
2021-05-09 21:44:10,007 [INFO] IPUIPlugin:64 - create IPUIPlugin
2021-05-09 21:44:10,008 [INFO] PluginManager:203 - loadIPPluginJar : add openamp
2021-05-09 21:44:10,012 [INFO] IPUIPlugin:64 - create IPUIPlugin
2021-05-09 21:44:10,013 [INFO] PluginManager:203 - loadIPPluginJar : add pdm2pcm
2021-05-09 21:44:10,021 [INFO] IPUIPlugin:64 - create IPUIPlugin
2021-05-09 21:44:10,023 [INFO] PluginManager:203 - loadIPPluginJar : add plateformsettings
2021-05-09 21:44:10,026 [INFO] IPUIPlugin:64 - create IPUIPlugin
2021-05-09 21:44:10,026 [INFO] PluginManager:203 - loadIPPluginJar : add quadspi
2021-05-09 21:44:10,036 [INFO] IPUIPlugin:64 - create IPUIPlugin
2021-05-09 21:44:10,037 [INFO] PluginManager:203 - loadIPPluginJar : add resmgrutility
2021-05-09 21:44:10,042 [INFO] IPUIPlugin:64 - create IPUIPlugin
2021-05-09 21:44:10,042 [INFO] PluginManager:203 - loadIPPluginJar : add sai
2021-05-09 21:44:10,048 [INFO] IPUIPlugin:64 - create IPUIPlugin
2021-05-09 21:44:10,048 [INFO] PluginManager:203 - loadIPPluginJar : add spi
2021-05-09 21:44:10,054 [INFO] IPUIPlugin:64 - create IPUIPlugin
2021-05-09 21:44:10,055 [INFO] PluginManager:203 - loadIPPluginJar : add stm32_wpan
2021-05-09 21:44:10,058 [INFO] IPUIPlugin:64 - create IPUIPlugin
2021-05-09 21:44:10,058 [INFO] PluginManager:203 - loadIPPluginJar : add tim
2021-05-09 21:44:10,064 [INFO] IPUIPlugin:64 - create IPUIPlugin
2021-05-09 21:44:10,065 [INFO] PluginManager:203 - loadIPPluginJar : add touchsensing
2021-05-09 21:44:10,069 [INFO] IPUIPlugin:64 - create IPUIPlugin
2021-05-09 21:44:10,070 [INFO] PluginManager:203 - loadIPPluginJar : add tracer_emb
2021-05-09 21:44:10,073 [INFO] IPUIPlugin:64 - create IPUIPlugin
2021-05-09 21:44:10,073 [INFO] PluginManager:203 - loadIPPluginJar : add ts
2021-05-09 21:44:10,076 [INFO] IPUIPlugin:64 - create IPUIPlugin
2021-05-09 21:44:10,076 [INFO] PluginManager:203 - loadIPPluginJar : add tsc
2021-05-09 21:44:10,080 [INFO] IPUIPlugin:64 - create IPUIPlugin
2021-05-09 21:44:10,080 [INFO] PluginManager:203 - loadIPPluginJar : add ucpd
2021-05-09 21:44:10,086 [INFO] IPUIPlugin:64 - create IPUIPlugin
2021-05-09 21:44:10,086 [INFO] PluginManager:203 - loadIPPluginJar : add usart
2021-05-09 21:44:10,495 [FATAL] Updater:284 - Updater called before beeing initialized
2021-05-09 21:44:10,650 [FATAL] Updater:284 - Updater called before beeing initialized
2021-05-09 21:44:10,654 [INFO] DbMcusAds:132 - JSON generation date=Thu Feb 11 20:25:24 IST 2021 (1613055324029)
2021-05-09 21:44:10,655 [FATAL] Updater:284 - Updater called before beeing initialized
2021-05-09 21:44:10,716 [WARN] DetailPanel:315 - Failed to get advertising image, set to default
2021-05-09 21:44:11,005 [FATAL] Updater:284 - Updater called before beeing initialized
2021-05-09 21:44:11,008 [FATAL] Updater:284 - Updater called before beeing initialized
2021-05-09 21:44:11,009 [FATAL] Updater:284 - Updater called before beeing initialized
2021-05-09 21:44:11,009 [WARN] DetailPanel:315 - Failed to get advertising image, set to default
2021-05-09 21:44:11,010 [FATAL] Updater:284 - Updater called before beeing initialized
2021-05-09 21:44:11,068 [FATAL] Updater:284 - Updater called before beeing initialized
2021-05-09 21:44:11,068 [WARN] ThirdParty:796 - waiting for thirdparty lock release [close project]
2021-05-09 21:44:12,145 [INFO] ThirdPartyUpdaterWithRetryManager:56 - Updater plugin not ready yet. [2/15]
2021-05-09 21:44:15,160 [FATAL] Updater:284 - Updater called before beeing initialized
2021-05-09 21:44:15,160 [ERROR] AbstractThirdPartyUpdaterManager:153 - class java.lang.Integer cannot be cast to class java.util.List (java.lang.Integer and java.util.List are in module java.base of loader 'bootstrap')
2021-05-09 21:44:15,160 [INFO] ThirdParty:900 - Integrity check success = false
2021-05-09 21:44:15,161 [INFO] IntegrityCheckThread:75 - exiting critical section [integrity check]
2021-05-09 21:44:15,161 [INFO] IntegrityCheckThread:78 - End integrity checks thread
2021-05-09 21:44:15,161 [INFO] ThirdParty:798 - entering critical section [close project]
2021-05-09 21:44:15,163 [INFO] ThirdParty:809 - exiting critical section [close project]
2021-05-09 21:44:15,168 [INFO] PinOutPanel:1435 - setPackage(No Configuration,No Configuration)
2021-05-09 21:44:15,169 [FATAL] Updater:284 - Updater called before beeing initialized
2021-05-09 21:44:15,190 [ERROR] Updater:1065 - MainUpdater not yet initialized. External WinMGr cannot be set.
2021-05-09 21:44:15,203 [INFO] Updater:1002 - Updater Version found : 6.2.1
2021-05-09 21:44:15,228 [INFO] ApplicationProperties:181 - Using Application install path: C:\ST\STM32CubeIDE_1.6.1\STM32CubeIDE\plugins\com.st.stm32cube.common.mx_6.2.1.202103241236
2021-05-09 21:44:15,295 [INFO] MainUpdater:479 - Copy updater definitions from MX database
2021-05-09 21:44:15,410 [INFO] MainUpdater:2661 - connection check result : 10
2021-05-09 21:44:15,411 [INFO] MainUpdater:3349 - Updater definition file requires update
2021-05-09 21:44:15,412 [INFO] MainUpdater:255 - Updater Check For Update Now.
2021-05-09 21:44:15,413 [INFO] MicroXplorer:472 - Change Database Version : DB.6.0.21
2021-05-09 21:44:15,668 [INFO] ServerAccessManage:348 - Download File updaters.zip
2021-05-09 21:44:15,958 [INFO] FileExtend:225 - Unzip File : updaters.zip
2021-05-09 21:44:15,959 [INFO] FileExtend:240 - Standard Zip Deflate
2021-05-09 21:44:16,827 [INFO] ServerAccessManage:348 - Download File PacksControlFlags.xml
2021-05-09 21:44:17,339 [INFO] ServerAccessManage:348 - Download File cubemx.pidx
2021-05-09 21:44:17,892 [INFO] ServerAccessManage:348 - Download File STMicroelectronics.X-CUBE-AI.pdsc
2021-05-09 21:44:19,326 [INFO] ServerAccessManage:348 - Download File STMicroelectronics.X-CUBE-BLE1.pdsc
2021-05-09 21:44:21,172 [ERROR] ServerAccessManage:947 - Problem, file not found on Server
2021-05-09 21:44:21,347 [INFO] ServerAccessManage:348 - Download File STMicroelectronics.X-CUBE-BLE2.pdsc
2021-05-09 21:44:22,478 [INFO] ServerAccessManage:348 - Download File STMicroelectronics.X-CUBE-GNSS1.pdsc
2021-05-09 21:44:24,093 [ERROR] ServerAccessManage:947 - Problem, file not found on Server
2021-05-09 21:44:24,659 [ERROR] ServerAccessManage:947 - Problem, file not found on Server
2021-05-09 21:44:25,023 [ERROR] ServerAccessManage:947 - Problem, file not found on Server
2021-05-09 21:44:25,382 [ERROR] ServerAccessManage:947 - Problem, file not found on Server
2021-05-09 21:44:25,952 [ERROR] ServerAccessManage:947 - Problem, file not found on Server
2021-05-09 21:44:26,315 [ERROR] ServerAccessManage:947 - Problem, file not found on Server
2021-05-09 21:44:26,398 [INFO] MainUpdater:2661 - connection check result : 10
2021-05-09 21:44:26,660 [INFO] ServerAccessManage:348 - Download File STMicroelectronics.X-CUBE-MEMS1.pdsc
2021-05-09 21:44:29,412 [INFO] ServerAccessManage:348 - Download File STMicroelectronics.X-CUBE-NFC4.pdsc
2021-05-09 21:44:30,912 [INFO] ServerAccessManage:348 - Download File STMicroelectronics.X-CUBE-SFXS2LP1.pdsc
2021-05-09 21:44:31,441 [INFO] ServerAccessManage:348 - Download File STMicroelectronics.X-CUBE-SUBG2.pdsc
2021-05-09 21:44:32,682 [INFO] ServerAccessManage:348 - Download File STMicroelectronics.X-CUBE-TOF1.pdsc
2021-05-09 21:44:33,048 [INFO] ServerAccessManage:348 - Download File STMicroelectronics.X-CUBE-TOUCHGFX.pdsc
2021-05-09 21:44:33,984 [INFO] ServerAccessManage:348 - Download File STMicroelectronics.X-CUBE-ALGOBUILD.pdsc
2021-05-09 21:44:34,639 [INFO] ServerAccessManage:348 - Download File STMicroelectronics.X-CUBE-AZRTOS-H7.pdsc
2021-05-09 21:44:36,695 [INFO] ServerAccessManage:348 - Download File wolfSSL.I-CUBE-wolfSSL.pdsc
2021-05-09 21:44:38,131 [INFO] CrossSelectorPresenter:1330 - Cross Selector saved comparison directory: C:\Users\Kevin Tom\.stmcufinder\plugins\mcufinder\mcu\cs_comparisons_mx
2021-05-09 21:44:38,137 [INFO] MultiScanPanel:200 - Auto-refresh data requested => check proxy status ongoing
2021-05-09 21:44:38,142 [INFO] FinderPluginLoader:87 - Searching for filters in installed packs
2021-05-09 21:44:38,143 [INFO] DbMcusXml:100 - Load MCU database from C:\ST\STM32CubeIDE_1.6.1\STM32CubeIDE\plugins\com.st.stm32cube.common.mx_6.2.1.202103241236\\db\/mcu/families.xml
2021-05-09 21:44:39,218 [INFO] DbMcusJson:94 - JSON generation date=Mon Feb 08 19:05:07 IST 2021 (1612791307)
2021-05-09 21:44:40,253 [INFO] DbMcus:175 - Found 1906 MCUs (1866 are supported by CubeMX, 1866 are visible in CubeMX)
2021-05-09 21:44:40,254 [INFO] ApiDb:242 - User favorites file not found: C:\Users\Kevin Tom/.stm32cubeide/favorites.mcus.txt
2021-05-09 21:44:40,254 [INFO] DbMcus:187 - Set 0 / 0 favorites MCUs
2021-05-09 21:44:41,121 [WARN] DetailPanel:315 - Failed to get advertising image, set to default
2021-05-09 21:44:41,541 [ERROR] ServerAccessManage:947 - Problem, file not found on Server
2021-05-09 21:44:41,852 [INFO] DbBoardsPdsc:90 - Found 24 items
2021-05-09 21:44:41,855 [INFO] DbBoardsPdsc:90 - Found 9 items
2021-05-09 21:44:41,865 [INFO] DbBoardsPdsc:90 - Found 33 items
2021-05-09 21:44:41,870 [INFO] DbBoardsPdsc:90 - Found 1 items
2021-05-09 21:44:41,880 [INFO] DbBoardsPdsc:90 - Found 46 items
2021-05-09 21:44:41,890 [INFO] DbBoardsPdsc:90 - Found 41 items
2021-05-09 21:44:41,891 [INFO] DbBoardsPdsc:90 - Found 2 items
2021-05-09 21:44:41,895 [INFO] DbBoardsPdsc:90 - Found 5 items
2021-05-09 21:44:41,901 [WARN] DbBoardsPdsc:254 - Board NUCLEO-WB15CC: unknown feature type=, name=, username=Three user LEDs, n=1
2021-05-09 21:44:41,901 [WARN] DbBoardsPdsc:254 - Board NUCLEO-WB15CC: unknown feature type=, name=, username=One reset and three user push-buttons, n=1
2021-05-09 21:44:41,901 [WARN] DbBoardsPdsc:254 - Board NUCLEO-WB15CC: unknown feature type=, name=, username=Arduino Uno V3 expansion connector, n=1
2021-05-09 21:44:41,901 [WARN] DbBoardsPdsc:254 - Board NUCLEO-WB15CC: unknown feature type=, name=, username=ST morpho extension pin headers for full access to all STM32WB I/Os, n=1
2021-05-09 21:44:41,902 [WARN] DbBoardsPdsc:254 - Board NUCLEO-WB15CC: unknown feature type=, name=, username=Integrated PCB antenna and SMA connector footprint, n=1
2021-05-09 21:44:41,902 [WARN] DbBoardsPdsc:254 - Board NUCLEO-WB15CC: unknown feature type=, name=, username=Flexible power-supply options: ST-LINK, USB VBUS, or external sources, n=1
2021-05-09 21:44:41,902 [WARN] DbBoardsPdsc:254 - Board NUCLEO-WB15CC: unknown feature type=, name=, username=On-board footprint to mount a CR2032 battery socket, n=1
2021-05-09 21:44:41,902 [WARN] DbBoardsPdsc:254 - Board NUCLEO-WB15CC: unknown feature type=, name=, username=On-board ST-LINK/V2-1 debugger/programmer with USB re-enumeration capability: mass storage, Virtual COM port, and debug port, n=1
2021-05-09 21:44:41,902 [WARN] DbBoardsPdsc:254 - Board NUCLEO-WB15CC: unknown feature type=, name=, username=Comprehensive free software libraries and examples available with the STM32CubeWB MCU Package, n=1
2021-05-09 21:44:41,902 [WARN] DbBoardsPdsc:254 - Board NUCLEO-WB15CC: unknown feature type=, name=, username=Support of a wide choice of Integrated Development Environments (IDEs) including IAR Embedded Workbench, MDK-ARM, STM32CubeIDE, and Mbed Studio, n=1
2021-05-09 21:44:41,905 [WARN] DbBoardsPdsc:254 - Board STM32H7B3I-DK: unknown feature type=Audio, name=, username=Audio stereo codec with Headphone Amp (CS42L51-CNZ), n=1
2021-05-09 21:44:41,905 [WARN] DbBoardsPdsc:254 - Board STM32H735G-DK: unknown feature type=Audio, name=, username=Audio stereo codec with Headphone Amp (WM8994ECS/R), n=1
2021-05-09 21:44:41,905 [WARN] DbBoardsPdsc:254 - Board STM32WB5MM-DK: unknown feature type=, name=, username=Time-of-Flight and gesture-detection sensor, n=1
2021-05-09 21:44:41,905 [WARN] DbBoardsPdsc:254 - Board STM32WB5MM-DK: unknown feature type=, name=, username=3 push-buttons (2 users and 1 reset) and 1 touch key button, n=1
2021-05-09 21:44:41,905 [WARN] DbBoardsPdsc:254 - Board STM32WB5MM-DK: unknown feature type=, name=, username=Flexible power-supply options: ST-LINK/V2-1 USB connector, 5 V delivered by ARDUINO® or external connector, USB charger, or USB power, n=1
2021-05-09 21:44:41,906 [WARN] DbBoardsPdsc:254 - Board STM32WB5MM-DK: unknown feature type=, name=, username=On-board ST-LINK/V2-1 debugger/programmer with USB re-enumeration capability: Virtual COM port and debug port, n=1
2021-05-09 21:44:41,906 [WARN] DbBoardsPdsc:254 - Board STM32WB5MM-DK: unknown feature type=, name=, username=Comprehensive free software libraries and examples available with the STM32CubeWB MCU Package, n=1
2021-05-09 21:44:41,906 [WARN] DbBoardsPdsc:254 - Board STM32WB5MM-DK: unknown feature type=, name=, username=Support of a wide choice of Integrated Development Environments (IDEs) including IAR Embedded Workbench®, MDK-ARM, and STM32CubeIDE, n=1
2021-05-09 21:44:41,907 [WARN] DbBoardsPdsc:254 - Board STM32H7B3I-EVAL: unknown feature type=Audio, name=, username=Multi-Channel Audio Codec (CS42L51-CNZ), n=1
2021-05-09 21:44:41,907 [WARN] DbBoardsPdsc:254 - Board STM32H7B3I-EVAL: unknown feature type=Meter, name=, username=Power-metering and Temperature-monitoring with sigma-delta modulators, n=1
2021-05-09 21:44:41,907 [WARN] DbBoardsPdsc:254 - Board STM32H7B3I-EVAL: unknown feature type=Motor, name=, username=Motor Control, n=1
2021-05-09 21:44:41,929 [INFO] DbBoardsJson:87 - JSON generation date=Thu Feb 04 22:23:45 IST 2021 (1612457625)
2021-05-09 21:44:41,937 [INFO] DbBoards:117 - Found 161 boards (158 are supported by CubeMX)
2021-05-09 21:44:41,949 [INFO] DbBoardsDocs:143 - JSON generation date=Mon Feb 08 19:05:07 IST 2021 (1612791307)
2021-05-09 21:44:41,982 [INFO] DbBoardsDocs:79 - Found 193 boards documents
2021-05-09 21:44:41,984 [WARN] DbBoards:127 - board B-L462E-CELL1 has no document id list !
2021-05-09 21:44:41,984 [WARN] DbBoards:127 - board B-L475E-IOT01A2 has no document id list !
2021-05-09 21:44:41,986 [WARN] DbBoards:127 - board NUCLEO-G0B1RE has no document id list !
2021-05-09 21:44:41,987 [WARN] DbBoards:127 - board NUCLEO-H743ZI2 has no document id list !
2021-05-09 21:44:41,987 [WARN] DbBoards:127 - board NUCLEO-L4A6ZG has no document id list !
2021-05-09 21:44:41,988 [WARN] DbBoards:127 - board NUCLEO-WB15CC has no document id list !
2021-05-09 21:44:41,988 [WARN] DbBoards:127 - board NUCLEO-WB55RG has no document id list !
2021-05-09 21:44:41,988 [WARN] DbBoards:127 - board NUCLEO-WL55JC2 has no document id list !
2021-05-09 21:44:41,988 [WARN] DbBoards:127 - board P-NUCLEO-WB55-Nucleo has no document id list !
2021-05-09 21:44:41,988 [WARN] DbBoards:127 - board P-NUCLEO-WB55-USBDongle has no document id list !
2021-05-09 21:44:41,989 [WARN] DbBoards:127 - board STEVAL-BFA001V1B has no document id list !
2021-05-09 21:44:41,989 [WARN] DbBoards:127 - board STEVAL-BFA001V2B has no document id list !
2021-05-09 21:44:41,989 [WARN] DbBoards:127 - board STEVAL-IDP005V1 has no document id list !
2021-05-09 21:44:41,989 [WARN] DbBoards:127 - board STEVAL-IDP005V2 has no document id list !
2021-05-09 21:44:41,989 [WARN] DbBoards:127 - board STEVAL-MKSBOX1V1 has no document id list !
2021-05-09 21:44:41,989 [WARN] DbBoards:127 - board STEVAL-STWINKT1 has no document id list !
2021-05-09 21:44:41,989 [WARN] DbBoards:127 - board STEVAL-STWINKT1B has no document id list !
2021-05-09 21:44:41,989 [WARN] DbBoards:127 - board STM32F401C-DISCO has no document id list !
2021-05-09 21:44:41,990 [WARN] DbBoards:127 - board STM32F769I-DISC1 has no document id list !
2021-05-09 21:44:41,990 [WARN] DbBoards:127 - board STM32G0C1E-EV has no document id list !
2021-05-09 21:44:41,990 [WARN] DbBoards:127 - board STM32G474E-EVAL1 has no document id list !
2021-05-09 21:44:41,990 [WARN] DbBoards:127 - board STM32H743I-EVAL2 has no document id list !
2021-05-09 21:44:41,991 [WARN] DbBoards:127 - board STM32H747I-DISC1 has no document id list !
2021-05-09 21:44:41,991 [WARN] DbBoards:127 - board STM32H753I-EVAL2 has no document id list !
2021-05-09 21:44:41,991 [WARN] DbBoards:127 - board STM32L-DISCOVERY has no document id list !
2021-05-09 21:44:41,991 [WARN] DbBoards:127 - board STM32MP157A-DK1 has no document id list !
2021-05-09 21:44:41,991 [WARN] DbBoards:127 - board STM32MP157F-DK2 has no document id list !
2021-05-09 21:44:41,991 [WARN] DbBoards:127 - board STM32MP157F-EV1 has no document id list !
2021-05-09 21:44:41,992 [WARN] DbBoards:127 - board STM32WB5MM-DK has no document id list !
2021-05-09 21:44:43,298 [ERROR] ServerAccessManage:947 - Problem, file not found on Server
2021-05-09 21:44:43,865 [INFO] ApiDb:242 - User favorites file not found: C:\Users\Kevin Tom/.stm32cubeide/favorites.boards.txt
2021-05-09 21:44:43,866 [INFO] DbBoards:206 - Set 0 / 0 favorites Boards
2021-05-09 21:44:45,126 [ERROR] ServerAccessManage:947 - Problem, file not found on Server
2021-05-09 21:44:46,528 [INFO] ServerAccessManage:348 - Download File RoweBots.I-CUBE-UNISONRTOS.pdsc
2021-05-09 21:44:49,952 [ERROR] ServerAccessManage:947 - Problem, file not found on Server
2021-05-09 21:44:51,546 [ERROR] ServerAccessManage:947 - Problem, file not found on Server
2021-05-09 21:44:53,273 [ERROR] ServerAccessManage:947 - Problem, file not found on Server
2021-05-09 21:44:55,016 [ERROR] ServerAccessManage:947 - Problem, file not found on Server
2021-05-09 21:44:55,096 [INFO] CheckServerUpdateThread:102 - End of CheckServer Thread
2021-05-09 21:44:55,099 [WARN] PackLoader:226 - Cannot read IP mode file for STMicroelectronics.X-CUBE-AI.6.0.0
2021-05-09 21:44:55,110 [WARN] PackLoader:226 - Cannot read IP mode file for STMicroelectronics.X-CUBE-BLE1.6.2.0
2021-05-09 21:44:55,119 [WARN] PackLoader:226 - Cannot read IP mode file for STMicroelectronics.X-CUBE-BLE2.3.2.0
2021-05-09 21:44:55,130 [WARN] PackLoader:226 - Cannot read IP mode file for STMicroelectronics.X-CUBE-GNSS1.5.2.0
2021-05-09 21:44:55,216 [WARN] PackLoader:226 - Cannot read IP mode file for STMicroelectronics.X-CUBE-MEMS1.8.3.0
2021-05-09 21:44:55,378 [WARN] PackLoader:226 - Cannot read IP mode file for STMicroelectronics.X-CUBE-NFC4.2.0.2
2021-05-09 21:44:55,386 [WARN] PackLoader:226 - Cannot read IP mode file for STMicroelectronics.X-CUBE-SFXS2LP1.3.0.0
2021-05-09 21:44:55,398 [WARN] PackLoader:226 - Cannot read IP mode file for STMicroelectronics.X-CUBE-SUBG2.4.0.0
2021-05-09 21:44:55,411 [WARN] PackLoader:226 - Cannot read IP mode file for STMicroelectronics.X-CUBE-TOF1.1.0.0
2021-05-09 21:44:55,415 [WARN] PackLoader:226 - Cannot read IP mode file for STMicroelectronics.X-CUBE-TOUCHGFX.4.16.1
2021-05-09 21:44:55,421 [WARN] PackLoader:226 - Cannot read IP mode file for STMicroelectronics.X-CUBE-ALGOBUILD.1.2.0
2021-05-09 21:44:55,458 [WARN] PackLoader:226 - Cannot read IP mode file for STMicroelectronics.X-CUBE-AZRTOS-H7.1.0.0
2021-05-09 21:44:55,469 [WARN] PackLoader:226 - Cannot read IP mode file for wolfSSL.I-CUBE-wolfSSL.4.7.0
2021-05-09 21:44:55,483 [WARN] PackLoader:226 - Cannot read IP mode file for RoweBots.I-CUBE-UNISONRTOS.5.5.0-4
2021-05-09 21:44:55,484 [INFO] PopulateThirdPartyThread:50 - Ending populate Thread
2021-05-09 21:44:55,488 [INFO] ThirdParty:952 - CMSIS Pack Vendor :RoweBots I-CUBE-UNISONRTOS 5.5.0-4
2021-05-09 21:44:55,488 [INFO] ThirdParty:952 - CMSIS Pack Vendor :STMicroelectronics X-CUBE-SFXS2LP1 3.0.0
2021-05-09 21:44:55,488 [INFO] ThirdParty:952 - CMSIS Pack Vendor :STMicroelectronics X-CUBE-MEMS1 8.3.0
2021-05-09 21:44:55,488 [INFO] ThirdParty:952 - CMSIS Pack Vendor :STMicroelectronics X-CUBE-AI 6.0.0
2021-05-09 21:44:55,488 [INFO] ThirdParty:952 - CMSIS Pack Vendor :STMicroelectronics X-CUBE-ALGOBUILD 1.2.0
2021-05-09 21:44:55,488 [INFO] ThirdParty:952 - CMSIS Pack Vendor :STMicroelectronics X-CUBE-GNSS1 5.2.0
2021-05-09 21:44:55,489 [INFO] ThirdParty:952 - CMSIS Pack Vendor :STMicroelectronics X-CUBE-BLE1 6.2.0
2021-05-09 21:44:55,489 [INFO] ThirdParty:952 - CMSIS Pack Vendor :STMicroelectronics X-CUBE-SUBG2 4.0.0
2021-05-09 21:44:55,489 [INFO] ThirdParty:952 - CMSIS Pack Vendor :STMicroelectronics X-CUBE-NFC4 2.0.2
2021-05-09 21:44:55,489 [INFO] ThirdParty:952 - CMSIS Pack Vendor :STMicroelectronics X-CUBE-TOF1 1.0.0
2021-05-09 21:44:55,489 [INFO] ThirdParty:952 - CMSIS Pack Vendor :STMicroelectronics X-CUBE-TOUCHGFX 4.16.1
2021-05-09 21:44:55,489 [INFO] ThirdParty:952 - CMSIS Pack Vendor :STMicroelectronics X-CUBE-AZRTOS-H7 1.0.0
2021-05-09 21:44:55,489 [INFO] ThirdParty:952 - CMSIS Pack Vendor :wolfSSL I-CUBE-wolfSSL 4.7.0
2021-05-09 21:44:55,489 [INFO] ThirdParty:952 - CMSIS Pack Vendor :STMicroelectronics X-CUBE-BLE2 3.2.0
2021-05-09 21:44:55,490 [INFO] LoadServerUpdatesThread:329 - End of LoadServerUpdate Thread
2021-05-09 21:45:19,019 [INFO] MultiScanPanel:200 - Auto-refresh data requested => check proxy status ongoing
2021-05-09 21:45:19,083 [WARN] DetailPanel:315 - Failed to get advertising image, set to default
2021-05-09 21:46:18,083 [INFO] BoardAction:69 - Docs & Resources
2021-05-09 21:49:55,479 [INFO] ApiDb:276 - Save user favorites file C:\Users\Kevin Tom/.stm32cubeide/favorites.mcus.txt: 0 item(s)
2021-05-09 21:49:55,480 [INFO] ApiDb:280 - User favorites MCUs=[]
2021-05-09 21:49:55,487 [INFO] ApiDb:276 - Save user favorites file C:\Users\Kevin Tom/.stm32cubeide/favorites.boards.txt: 0 item(s)
2021-05-09 21:49:55,487 [INFO] ApiDb:280 - User favorites Boards=[]
