10:52:46 **** Build of configuration Debug for project 003Add ****
make -j8 all 
arm-none-eabi-gcc -mcpu=cortex-m4 -g3 -c -x assembler-with-cpp -MMD -MP -MF"Startup/startup_stm32f446retx.d" -MT"Startup/startup_stm32f446retx.o" --specs=nano.specs -mfpu=fpv4-sp-d16 -mfloat-abi=hard -mthumb -o "Startup/startup_stm32f446retx.o" "../Startup/startup_stm32f446retx.s"
arm-none-eabi-gcc "../Src/main.c" -mcpu=cortex-m4 -std=gnu11 -g3 -DDEBUG -DSTM32 -DSTM32F4 -DSTM32F446RETx -DNUCLEO_F446RE -c -I../Inc -O0 -ffunction-sections -fdata-sections -Wall -fstack-usage -MMD -MP -MF"Src/main.d" -MT"Src/main.o" --specs=nano.specs -mfpu=fpv4-sp-d16 -mfloat-abi=hard -mthumb -o "Src/main.o"
arm-none-eabi-gcc "../Src/syscalls.c" -mcpu=cortex-m4 -std=gnu11 -g3 -DDEBUG -DSTM32 -DSTM32F4 -DSTM32F446RETx -DNUCLEO_F446RE -c -I../Inc -O0 -ffunction-sections -fdata-sections -Wall -fstack-usage -MMD -MP -MF"Src/syscalls.d" -MT"Src/syscalls.o" --specs=nano.specs -mfpu=fpv4-sp-d16 -mfloat-abi=hard -mthumb -o "Src/syscalls.o"
arm-none-eabi-gcc "../Src/sysmem.c" -mcpu=cortex-m4 -std=gnu11 -g3 -DDEBUG -DSTM32 -DSTM32F4 -DSTM32F446RETx -DNUCLEO_F446RE -c -I../Inc -O0 -ffunction-sections -fdata-sections -Wall -fstack-usage -MMD -MP -MF"Src/sysmem.d" -MT"Src/sysmem.o" --specs=nano.specs -mfpu=fpv4-sp-d16 -mfloat-abi=hard -mthumb -o "Src/sysmem.o"
../Src/main.c:23:4: warning: #warning "FPU is not initialized, but the project is compiling for an FPU. Please initialize the FPU before use." [-Wcpp]
   23 |   #warning "FPU is not initialized, but the project is compiling for an FPU. Please initialize the FPU before use."
      |    ^~~~~~~
arm-none-eabi-gcc -o "003Add.elf" @"objects.list"   -mcpu=cortex-m4 -T"D:\EmbeddedCodes\Embedded_C_Workspace\My_Workspace\target\003Add\STM32F446RETX_FLASH.ld" --specs=nosys.specs -Wl,-Map="003Add.map" -Wl,--gc-sections -static --specs=nano.specs -mfpu=fpv4-sp-d16 -mfloat-abi=hard -mthumb -Wl,--start-group -lc -lm -Wl,--end-group
Finished building target: 003Add.elf
 
arm-none-eabi-size   003Add.elf 
arm-none-eabi-objdump -h -S  003Add.elf  > "003Add.list"
arm-none-eabi-objcopy  -O binary  003Add.elf  "003Add.bin"
   text	   data	    bss	    dec	    hex	filename
   5180	    116	   1596	   6892	   1aec	003Add.elf
Finished building: default.size.stdout
 
Finished building: 003Add.list
 
Finished building: 003Add.bin
 

10:52:49 Build Finished. 0 errors, 1 warnings. (took 3s.714ms)

10:54:14 **** Incremental Build of configuration Debug for project 003Add ****
make -j8 all 
arm-none-eabi-size   003Add.elf 
   text	   data	    bss	    dec	    hex	filename
   5180	    116	   1596	   6892	   1aec	003Add.elf
Finished building: default.size.stdout
 
